build/app/outputs/mapping/release/mapping.txt
# compiler: R8
# compiler_version: 1.5.64
# min_api: 21
# pg_map_id: c1b3eda
...
com.google.gson.internal.UnsafeAllocator$2 -> b.b.f.w.m$b:
    int val$constructorId -> b
    java.lang.reflect.Method val$newInstance -> a
    java.lang.Object newInstance(java.lang.Class) -> a
com.google.gson.internal.UnsafeAllocator$3 -> b.b.f.w.m$c:
    java.lang.reflect.Method val$newInstance -> a
    java.lang.Object newInstance(java.lang.Class) -> a
com.google.gson.internal.UnsafeAllocator$4 -> b.b.f.w.m$d:
    java.lang.Object newInstance(java.lang.Class) -> a
com.google.gson.internal.bind.ArrayTypeAdapter -> b.b.f.w.n.a:
    com.google.gson.TypeAdapterFactory FACTORY -> c
    com.google.gson.TypeAdapter componentTypeAdapter -> b
    java.lang.Class componentType -> a
    java.lang.Object read(com.google.gson.stream.JsonReader) -> a
    void write(com.google.gson.stream.JsonWriter,java.lang.Object) -> a
com.google.gson.internal.bind.ArrayTypeAdapter$1 -> b.b.f.w.n.a$a:
    com.google.gson.TypeAdapter create(com.google.gson.Gson,com.google.gson.reflect.TypeToken) -> a
com.google.gson.internal.bind.CollectionTypeAdapterFactory -> b.b.f.w.n.b:
    com.google.gson.internal.ConstructorConstructor constructorConstructor -> a
    com.google.gson.TypeAdapter create(com.google.gson.Gson,com.google.gson.reflect.TypeToken) -> a
com.google.gson.internal.bind.CollectionTypeAdapterFactory$Adapter -> b.b.f.w.n.b$a:
    com.google.gson.internal.ObjectConstructor constructor -> b
    com.google.gson.TypeAdapter elementTypeAdapter -> a
    java.lang.Object read(com.google.gson.stream.JsonReader) -> a
    java.util.Collection read(com.google.gson.stream.JsonReader) -> a
    void write(com.google.gson.stream.JsonWriter,java.lang.Object) -> a
    void write(com.google.gson.stream.JsonWriter,java.util.Collection) -> a
com.google.gson.internal.bind.DateTypeAdapter -> b.b.f.w.n.c:
    java.util.List dateFormats -> a
    com.google.gson.TypeAdapterFactory FACTORY -> b
    java.util.Date deserializeToDate(java.lang.String) -> a
    java.lang.Object read(com.google.gson.stream.JsonReader) -> a
    java.util.Date read(com.google.gson.stream.JsonReader) -> a
    void write(com.google.gson.stream.JsonWriter,java.lang.Object) -> a
    void write(com.google.gson.stream.JsonWriter,java.util.Date) -> a
com.google.gson.internal.bind.DateTypeAdapter$1 -> b.b.f.w.n.c$a:
    com.google.gson.TypeAdapter create(com.google.gson.Gson,com.google.gson.reflect.TypeToken) -> a
com.google.gson.internal.bind.JsonAdapterAnnotationTypeAdapterFactory -> b.b.f.w.n.d:
    com.google.gson.internal.ConstructorConstructor constructorConstructor -> a
    com.google.gson.TypeAdapter create(com.google.gson.Gson,com.google.gson.reflect.TypeToken) -> a
    com.google.gson.TypeAdapter getTypeAdapter(com.google.gson.internal.ConstructorConstructor,com.google.gson.Gson,com.google.gson.reflect.TypeToken,com.google.gson.annotations.JsonAdapter) -> a
com.google.gson.internal.bind.JsonTreeReader -> b.b.f.w.n.e:
    java.lang.Object[] stack -> q
    int[] pathIndices -> t
    java.lang.Object SENTINEL_CLOSED -> u
    int stackSize -> r
    java.lang.String[] pathNames -> s
    java.lang.Object popStack() -> A
    void beginArray() -> a
    void expect(com.google.gson.stream.JsonToken) -> a
    void push(java.lang.Object) -> a
    void beginObject() -> b
    void endArray() -> d
    void endObject() -> e
    java.lang.String getPath() -> f
    boolean hasNext() -> m
    java.lang.String locationString() -> o
    boolean nextBoolean() -> p
    double nextDouble() -> q
    int nextInt() -> r
    long nextLong() -> s
    java.lang.String nextName() -> t
    void nextNull() -> u
    java.lang.String nextString() -> v
    com.google.gson.stream.JsonToken peek() -> w
    void skipValue() -> x
    void promoteNameToValue() -> y
    java.lang.Object peekStack() -> z
com.google.gson.internal.bind.JsonTreeReader$1 -> b.b.f.w.n.e$a: